<testsuite name="maven-project-test-suite" time="1.041" failures="0" errors="0" skipped="0" tests="1">
  <properties>
    <property key="java.runtime.name" value="Java(TM) SE Runtime Environment"/>
    <property key="sun.boot.library.path" value="C:\Users\ng6cd71\Documents\api\jdk1.8.0_77\jre\bin"/>
    <property key="java.vm.version" value="25.77-b03"/>
    <property key="maven.multiModuleProjectDirectory" value="C:\Users\ng6cd71\Documents\Venu\Mule\Airbus_training\Advanced_3.8_ws\maven-project"/>
    <property key="java.vm.vendor" value="Oracle Corporation"/>
    <property key="java.vendor.url" value="http://java.oracle.com/"/>
    <property key="guice.disable.misplaced.annotation.check" value="true"/>
    <property key="path.separator" value=";"/>
    <property key="java.vm.name" value="Java HotSpot(TM) 64-Bit Server VM"/>
    <property key="file.encoding.pkg" value="sun.io"/>
    <property key="user.country" value="GB"/>
    <property key="user.script" value=""/>
    <property key="sun.java.launcher" value="SUN_STANDARD"/>
    <property key="sun.os.patch.level" value="Service Pack 1"/>
    <property key="java.vm.specification.name" value="Java Virtual Machine Specification"/>
    <property key="user.dir" value="C:\Users\ng6cd71\Documents\Venu\Mule\Airbus_training\Advanced_3.8_ws\maven-project"/>
    <property key="java.runtime.version" value="1.8.0_77-b03"/>
    <property key="java.awt.graphicsenv" value="sun.awt.Win32GraphicsEnvironment"/>
    <property key="java.endorsed.dirs" value="C:\Users\ng6cd71\Documents\api\jdk1.8.0_77\jre\lib\endorsed"/>
    <property key="os.arch" value="amd64"/>
    <property key="java.io.tmpdir" value="C:\Temp\"/>
    <property key="line.separator" value="&#xd;&#xa;"/>
    <property key="java.vm.specification.vendor" value="Oracle Corporation"/>
    <property key="user.variant" value=""/>
    <property key="os.name" value="Windows 7"/>
    <property key="classworlds.conf" value="C:\Users\ng6cd71\Documents\api\apache-maven-3.5.0\bin\..\bin\m2.conf"/>
    <property key="sun.jnu.encoding" value="Cp1252"/>
    <property key="java.library.path" value="C:\Users\ng6cd71\Documents\api\jdk1.8.0_77\bin;C:\windows\Sun\Java\bin;C:\windows\system32;C:\windows;C:\windows\system32;C:\windows;C:\windows\System32\Wbem;C:\windows\System32\WindowsPowerShell\v1.0\;C:\Program Files (x86)\Microsoft Application Virtualization Client;C:\windows\System32\WindowsPowerShell\v1.0\;C:\Program Files (x86)\Sennheiser\SoftphoneSDK\;C:\windows\System32\WindowsPowerShell\v1.0\;C:\Program Files (x86)\Windows Kits\8.1\Windows Performance Toolkit\;C:\Users\ng6cd71\Documents\Softwares\Python36\Scripts\;C:\Users\ng6cd71\Documents\Softwares\Python36\;C:\Users\ng6cd71\Documents\api\jdk1.8.0_77\bin;C:\Users\ng6cd71\Documents\api\apache-maven-3.5.0\bin;C:\Users\ng6cd71\AppData\Local\Programs\Git\cmd;C:\Users\ng6cd71\AppData\Local\atom\bin;C:\Users\ng6cd71\AppData\Local\Gpg4win\..\GnuPG\bin;C:\Users\ng6cd71\Documents\api\workspace\utils-proxy-versioning\utils;C:\Users\ng6cd71\Documents\api\utils;."/>
    <property key="maven.conf" value="C:\Users\ng6cd71\Documents\api\apache-maven-3.5.0\bin\../conf"/>
    <property key="java.specification.name" value="Java Platform API Specification"/>
    <property key="java.class.version" value="52.0"/>
    <property key="sun.management.compiler" value="HotSpot 64-Bit Tiered Compilers"/>
    <property key="os.version" value="6.1"/>
    <property key="library.jansi.path" value="C:\Users\ng6cd71\Documents\api\apache-maven-3.5.0\bin\..\lib\jansi-native\windows64"/>
    <property key="user.home" value="C:\Users\ng6cd71"/>
    <property key="user.timezone" value="Europe/Paris"/>
    <property key="java.awt.printerjob" value="sun.awt.windows.WPrinterJob"/>
    <property key="file.encoding" value="Cp1252"/>
    <property key="java.specification.version" value="1.8"/>
    <property key="java.class.path" value="C:\Users\ng6cd71\Documents\api\apache-maven-3.5.0\bin\..\boot\plexus-classworlds-2.5.2.jar"/>
    <property key="user.name" value="ng6cd71"/>
    <property key="java.vm.specification.version" value="1.8"/>
    <property key="sun.java.command" value="org.codehaus.plexus.classworlds.launcher.Launcher clean package"/>
    <property key="java.home" value="C:\Users\ng6cd71\Documents\api\jdk1.8.0_77\jre"/>
    <property key="sun.arch.data.model" value="64"/>
    <property key="user.language" value="en"/>
    <property key="java.specification.vendor" value="Oracle Corporation"/>
    <property key="awt.toolkit" value="sun.awt.windows.WToolkit"/>
    <property key="java.vm.info" value="mixed mode"/>
    <property key="java.version" value="1.8.0_77"/>
    <property key="java.ext.dirs" value="C:\Users\ng6cd71\Documents\api\jdk1.8.0_77\jre\lib\ext;C:\windows\Sun\Java\lib\ext"/>
    <property key="sun.boot.class.path" value="C:\Users\ng6cd71\Documents\api\jdk1.8.0_77\jre\lib\resources.jar;C:\Users\ng6cd71\Documents\api\jdk1.8.0_77\jre\lib\rt.jar;C:\Users\ng6cd71\Documents\api\jdk1.8.0_77\jre\lib\sunrsasign.jar;C:\Users\ng6cd71\Documents\api\jdk1.8.0_77\jre\lib\jsse.jar;C:\Users\ng6cd71\Documents\api\jdk1.8.0_77\jre\lib\jce.jar;C:\Users\ng6cd71\Documents\api\jdk1.8.0_77\jre\lib\charsets.jar;C:\Users\ng6cd71\Documents\api\jdk1.8.0_77\jre\lib\jfr.jar;C:\Users\ng6cd71\Documents\api\jdk1.8.0_77\jre\classes"/>
    <property key="java.vendor" value="Oracle Corporation"/>
    <property key="sun.stderr.encoding" value="cp850"/>
    <property key="maven.home" value="C:\Users\ng6cd71\Documents\api\apache-maven-3.5.0\bin\.."/>
    <property key="file.separator" value="\"/>
    <property key="java.vendor.url.bug" value="http://bugreport.sun.com/bugreport/"/>
    <property key="sun.io.unicode.encoding" value="UnicodeLittle"/>
    <property key="sun.cpu.endian" value="little"/>
    <property key="sun.stdout.encoding" value="cp850"/>
    <property key="sun.desktop" value="windows"/>
    <property key="sun.cpu.isalist" value="amd64"/>
    <property key="mule.testingMode" value="true"/>
    <property key="mule.working.dir" value="C:\Users\ng6cd71\Documents\Venu\Mule\Airbus_training\Advanced_3.8_ws\maven-project\target\.mule"/>
  </properties>
  <testcase time="0.078" name="maven-project-test-suite-mavenFlowTest" classname="maven-project-test-suite"/>
</testsuite>